<?xml version="1.0" encoding="UTF-8"?>
<!-- Generated by org.testng.reporters.JUnitReportReporter -->
<testsuite hostname="SAGAR" failures="0" tests="4" name="TestLayer.RegisterPageTest" time="8.270" errors="0" timestamp="2023-03-08T23:38:13 IST" skipped="0">
  <testcase classname="TestLayer.RegisterPageTest" name="openABrowser" time="4.731"/>
  <system-out/>
  <testcase classname="TestLayer.RegisterPageTest" name="validateContactInformation" time="0.722"/>
  <system-out/>
  <testcase classname="TestLayer.RegisterPageTest" name="validateMailingInformation" time="0.406"/>
  <system-out/>
  <testcase classname="TestLayer.RegisterPageTest" name="validateUserInformation" time="2.411"/>
  <system-out/>
</testsuite> <!-- TestLayer.RegisterPageTest -->
